c:\users\tomer\source\repos\project64\project64\debug\vc141.pdb
c:\users\tomer\source\repos\project64\project64\debug\vc141.idb
c:\users\tomer\source\repos\project64\project64\debug\appointment.obj
c:\users\tomer\source\repos\project64\project64\debug\main.obj
c:\users\tomer\source\repos\project64\project64\debug\organization.obj
c:\users\tomer\source\repos\project64\project64\debug\user.obj
c:\users\tomer\source\repos\project64\project64\debug\utils.obj
c:\users\tomer\source\repos\project64\project64\debug\rowdatatype.obj
c:\users\tomer\source\repos\project64\debug\project64.pdb
c:\users\tomer\source\repos\project64\project64\debug\project64.tlog\cl.command.1.tlog
c:\users\tomer\source\repos\project64\project64\debug\project64.tlog\cl.read.1.tlog
c:\users\tomer\source\repos\project64\project64\debug\project64.tlog\cl.write.1.tlog
c:\users\tomer\source\repos\project64\project64\debug\project64.tlog\link-cvtres.read.1.tlog
c:\users\tomer\source\repos\project64\project64\debug\project64.tlog\link-cvtres.write.1.tlog
c:\users\tomer\source\repos\project64\project64\debug\project64.tlog\link-rc.read.1.tlog
c:\users\tomer\source\repos\project64\project64\debug\project64.tlog\link-rc.write.1.tlog
c:\users\tomer\source\repos\project64\project64\debug\project64.tlog\link.5788-cvtres.read.1.tlog
c:\users\tomer\source\repos\project64\project64\debug\project64.tlog\link.5788-cvtres.write.1.tlog
c:\users\tomer\source\repos\project64\project64\debug\project64.tlog\link.5788-rc.read.1.tlog
c:\users\tomer\source\repos\project64\project64\debug\project64.tlog\link.5788-rc.write.1.tlog
c:\users\tomer\source\repos\project64\project64\debug\project64.tlog\link.5788.read.1.tlog
c:\users\tomer\source\repos\project64\project64\debug\project64.tlog\link.5788.write.1.tlog
c:\users\tomer\source\repos\project64\project64\debug\project64.tlog\link.command.1.tlog
c:\users\tomer\source\repos\project64\project64\debug\project64.tlog\link.read.1.tlog
c:\users\tomer\source\repos\project64\project64\debug\project64.tlog\link.write.1.tlog
